#
# There is insufficient memory for the Java Runtime Environment to continue.
# Native memory allocation (malloc) failed to allocate 841616 bytes for Chunk::new
# Possible reasons:
#   The system is out of physical RAM or swap space
#   The process is running with CompressedOops enabled, and the Java Heap may be blocking the growth of the native heap
# Possible solutions:
#   Reduce memory load on the system
#   Increase physical memory or swap space
#   Check if swap backing store is full
#   Decrease Java heap size (-Xmx/-Xms)
#   Decrease number of Java threads
#   Decrease Java thread stack sizes (-Xss)
#   Set larger code cache with -XX:ReservedCodeCacheSize=
#   JVM is running with Unscaled Compressed Oops mode in which the Java heap is
#     placed in the first 4GB address space. The Java Heap base address is the
#     maximum limit for the native heap growth. Please use -XX:HeapBaseMinAddress
#     to set the Java Heap base and to place the Java Heap above 4GB virtual address.
# This output file may be truncated or incomplete.
#
#  Out of Memory Error (allocation.cpp:389), pid=4760, tid=0x0000000000002254
#
# JRE version: OpenJDK Runtime Environment (8.0_212-b04) (build 1.8.0_212-release-1586-b04)
# Java VM: OpenJDK 64-Bit Server VM (25.212-b04 mixed mode windows-amd64 compressed oops)
# Failed to write core dump. Minidumps are not enabled by default on client versions of Windows
#

---------------  T H R E A D  ---------------

Current thread (0x0000000018fbc000):  JavaThread "C2 CompilerThread2" daemon [_thread_in_native, id=8788, stack(0x0000000019920000,0x0000000019a20000)]

Stack: [0x0000000019920000,0x0000000019a20000]
[error occurred during error reporting (printing stack bounds), id 0xc0000005]

Native frames: (J=compiled Java code, j=interpreted, Vv=VM code, C=native code)


Current CompileTask:
C2:  25024 10404   !   4       java.io.ObjectOutputStream::writeObject0 (619 bytes)


---------------  P R O C E S S  ---------------

Java Threads: ( => current thread )
  0x000000001f16a800 JavaThread "ForkJoinPool.commonPool-worker-7" daemon [_thread_blocked, id=16532, stack(0x00000000297c0000,0x00000000298c0000)]
  0x000000001f171800 JavaThread "ForkJoinPool.commonPool-worker-6" daemon [_thread_blocked, id=16568, stack(0x00000000296c0000,0x00000000297c0000)]
  0x000000001f16a000 JavaThread "ForkJoinPool.commonPool-worker-5" daemon [_thread_blocked, id=16552, stack(0x00000000295c0000,0x00000000296c0000)]
  0x000000001f170800 JavaThread "ForkJoinPool.commonPool-worker-4" daemon [_thread_blocked, id=16556, stack(0x00000000294c0000,0x00000000295c0000)]
  0x000000001f170000 JavaThread "ForkJoinPool.commonPool-worker-3" daemon [_thread_blocked, id=16548, stack(0x00000000293c0000,0x00000000294c0000)]
  0x000000001f16f000 JavaThread "ForkJoinPool.commonPool-worker-2" daemon [_thread_blocked, id=16564, stack(0x00000000292c0000,0x00000000293c0000)]
  0x000000001f167800 JavaThread "ForkJoinPool.commonPool-worker-1" daemon [_thread_blocked, id=1396, stack(0x0000000028650000,0x0000000028750000)]
  0x000000001f16b800 JavaThread "stdout" [_thread_in_native, id=9292, stack(0x0000000028fc0000,0x00000000290c0000)]
  0x000000001f16d800 JavaThread "stderr" [_thread_in_native, id=10068, stack(0x0000000028ec0000,0x0000000028fc0000)]
  0x000000001f16d000 JavaThread "stdout" [_thread_in_native, id=2692, stack(0x0000000028dc0000,0x0000000028ec0000)]
  0x000000001f168800 JavaThread "stderr" [_thread_in_native, id=1296, stack(0x0000000028cc0000,0x0000000028dc0000)]
  0x000000001f166000 JavaThread "stdout" [_thread_in_native, id=1920, stack(0x0000000028bc0000,0x0000000028cc0000)]
  0x0000000020c0b000 JavaThread "stderr" [_thread_in_native, id=9532, stack(0x0000000028ac0000,0x0000000028bc0000)]
  0x000000001aee5000 JavaThread "stdout" [_thread_in_native, id=10216, stack(0x00000000289c0000,0x0000000028ac0000)]
  0x000000001aee8000 JavaThread "stderr" [_thread_in_native, id=15848, stack(0x00000000288c0000,0x00000000289c0000)]
  0x000000001aee6800 JavaThread "stdout" [_thread_in_native, id=9968, stack(0x00000000287c0000,0x00000000288c0000)]
  0x000000001aee5800 JavaThread "stderr" [_thread_in_native, id=12320, stack(0x0000000027ef0000,0x0000000027ff0000)]
  0x000000001aee2000 JavaThread "stdout" [_thread_in_native, id=16600, stack(0x0000000028550000,0x0000000028650000)]
  0x000000001aee0800 JavaThread "stderr" [_thread_in_native, id=4556, stack(0x0000000028450000,0x0000000028550000)]
  0x000000001aee7000 JavaThread "stdout" [_thread_in_native, id=3276, stack(0x0000000028350000,0x0000000028450000)]
  0x000000001aee2800 JavaThread "stderr" [_thread_in_native, id=16516, stack(0x0000000028250000,0x0000000028350000)]
  0x000000001aee1000 JavaThread "stdout" [_thread_in_native, id=15412, stack(0x0000000028150000,0x0000000028250000)]
  0x000000001aee3800 JavaThread "stderr" [_thread_in_native, id=12336, stack(0x0000000028050000,0x0000000028150000)]
  0x000000001aee4000 JavaThread "pool-2-thread-1" [_thread_blocked, id=12916, stack(0x0000000027ce0000,0x0000000027de0000)]
  0x000000001aedf800 JavaThread "MarlinRenderer Disposer" daemon [_thread_blocked, id=15584, stack(0x0000000027df0000,0x0000000027ef0000)]
  0x000000001aedc800 JavaThread "Java2D Disposer" daemon [_thread_blocked, id=13288, stack(0x0000000027be0000,0x0000000027ce0000)]
  0x000000001aedd800 JavaThread "WorkerExecutor Queue Thread 8" [_thread_in_native, id=10256, stack(0x00000000278e0000,0x00000000279e0000)]
  0x000000001aede000 JavaThread "WorkerExecutor Queue Thread 7" [_thread_blocked, id=7204, stack(0x00000000277e0000,0x00000000278e0000)]
  0x000000001aedc000 JavaThread "WorkerExecutor Queue Thread 6" [_thread_blocked, id=5604, stack(0x00000000276e0000,0x00000000277e0000)]
  0x000000001aed9800 JavaThread "WorkerExecutor Queue Thread 5" [_thread_blocked, id=13116, stack(0x00000000275e0000,0x00000000276e0000)]
  0x000000001aedb000 JavaThread "WorkerExecutor Queue Thread 4" [_thread_blocked, id=13112, stack(0x00000000274e0000,0x00000000275e0000)]
  0x0000000020c0d000 JavaThread "WorkerExecutor Queue Thread 3" [_thread_blocked, id=1148, stack(0x00000000273e0000,0x00000000274e0000)]
  0x0000000020c0c800 JavaThread "WorkerExecutor Queue Thread 2" [_thread_blocked, id=13304, stack(0x00000000272e0000,0x00000000273e0000)]
  0x0000000020c08800 JavaThread "WorkerExecutor Queue" [_thread_blocked, id=5284, stack(0x0000000026a40000,0x0000000026b40000)]
  0x0000000020c05800 JavaThread "Cache worker for execution history cache (C:\Users\yura PC\AndroidStudioProjects\MyFirstApp\.gradle\5.6.4\executionHistory)" [_thread_blocked, id=16748, stack(0x0000000025770000,0x0000000025870000)]
  0x0000000020c02000 JavaThread "Execution worker for ':' Thread 7" [_thread_blocked, id=8076, stack(0x0000000025670000,0x0000000025770000)]
  0x0000000020c07000 JavaThread "Execution worker for ':' Thread 6" [_thread_blocked, id=17200, stack(0x0000000025570000,0x0000000025670000)]
  0x0000000020c04000 JavaThread "Execution worker for ':' Thread 5" [_thread_blocked, id=1220, stack(0x0000000025470000,0x0000000025570000)]
  0x0000000020c03800 JavaThread "Execution worker for ':' Thread 4" [_thread_blocked, id=952, stack(0x0000000024f20000,0x0000000025020000)]
  0x0000000020c00800 JavaThread "Execution worker for ':' Thread 3" [_thread_blocked, id=2256, stack(0x0000000024e20000,0x0000000024f20000)]
  0x0000000020c01000 JavaThread "Execution worker for ':' Thread 2" [_thread_blocked, id=16220, stack(0x0000000024d20000,0x0000000024e20000)]
  0x0000000020bfe000 JavaThread "Execution worker for ':'" [_thread_blocked, id=2668, stack(0x0000000024c20000,0x0000000024d20000)]
  0x0000000020bff000 JavaThread "Cache worker for file content cache (C:\Users\yura PC\AndroidStudioProjects\MyFirstApp\.gradle\5.6.4\fileContent)" [_thread_blocked, id=752, stack(0x0000000024920000,0x0000000024a20000)]
  0x000000001e8eb800 JavaThread "Cache worker for file content cache (C:\Users\yura PC\.gradle\caches\5.6.4\fileContent)" [_thread_blocked, id=4216, stack(0x0000000024820000,0x0000000024920000)]
  0x000000001e8ea800 JavaThread "Memory manager" [_thread_blocked, id=13160, stack(0x0000000024110000,0x0000000024210000)]
  0x000000001e8e7800 JavaThread "Cache worker for Build Output Cleanup Cache (C:\Users\yura PC\AndroidStudioProjects\MyFirstApp\.gradle\buildOutputCleanup)" [_thread_blocked, id=17152, stack(0x0000000023e10000,0x0000000023f10000)]
  0x000000001e8df800 JavaThread "Build operations Thread 8" [_thread_blocked, id=17180, stack(0x0000000023710000,0x0000000023810000)]
  0x000000001e8e6000 JavaThread "Build operations Thread 7" [_thread_in_vm, id=16844, stack(0x0000000023610000,0x0000000023710000)]
  0x000000001e8de800 JavaThread "Build operations Thread 6" [_thread_blocked, id=1564, stack(0x0000000023510000,0x0000000023610000)]
  0x000000001e8e5800 JavaThread "Build operations Thread 5" [_thread_blocked, id=7880, stack(0x00000000231a0000,0x00000000232a0000)]
  0x000000001e8e4000 JavaThread "Build operations Thread 4" [_thread_blocked, id=2720, stack(0x00000000230a0000,0x00000000231a0000)]
  0x000000001e8e0000 JavaThread "Build operations Thread 3" [_thread_in_Java, id=12164, stack(0x0000000022fa0000,0x00000000230a0000)]
  0x000000001e8e3000 JavaThread "Build operations Thread 2" [_thread_blocked, id=8904, stack(0x0000000022ea0000,0x0000000022fa0000)]
  0x000000001e8e2800 JavaThread "Build operations" [_thread_blocked, id=12036, stack(0x0000000022c50000,0x0000000022d50000)]
  0x000000001e8e4800 JavaThread "Cache worker for execution history cache (C:\Users\yura PC\.gradle\caches\5.6.4\executionHistory)" [_thread_blocked, id=2820, stack(0x0000000022da0000,0x0000000022ea0000)]
  0x000000001e8e1800 JavaThread "Cache worker for cache directory md-rule (C:\Users\yura PC\.gradle\caches\5.6.4\md-rule)" [_thread_blocked, id=5400, stack(0x0000000020020000,0x0000000020120000)]
  0x000000001e8de000 JavaThread "Cache worker for cache directory md-supplier (C:\Users\yura PC\.gradle\caches\5.6.4\md-supplier)" [_thread_blocked, id=7060, stack(0x000000001fd40000,0x000000001fe40000)]
  0x0000000018fc2000 JavaThread "Cache worker for file hash cache (C:\Users\yura PC\AndroidStudioProjects\MyFirstApp\.gradle\5.6.4\fileHashes)" [_thread_blocked, id=7448, stack(0x000000001ff20000,0x0000000020020000)]
  0x0000000018fc1800 JavaThread "Cache worker for journal cache (C:\Users\yura PC\.gradle\caches\journal-1)" [_thread_blocked, id=14684, stack(0x000000001d8a0000,0x000000001d9a0000)]
  0x0000000018fc3000 JavaThread "File lock request listener" [_thread_in_native, id=14664, stack(0x000000001d7a0000,0x000000001d8a0000)]
  0x0000000018fc4800 JavaThread "Cache worker for file hash cache (C:\Users\yura PC\.gradle\caches\5.6.4\fileHashes)" [_thread_blocked, id=13072, stack(0x000000001d6a0000,0x000000001d7a0000)]
  0x000000001b947000 JavaThread "Thread-9" [_thread_blocked, id=8620, stack(0x000000001d3a0000,0x000000001d4a0000)]
  0x000000001b945000 JavaThread "Stdin handler" [_thread_blocked, id=13168, stack(0x000000001d2a0000,0x000000001d3a0000)]
  0x000000001b8a4800 JavaThread "Asynchronous log dispatcher for DefaultDaemonConnection: socket connection from /127.0.0.1:50166 to /127.0.0.1:50167" [_thread_blocked, id=5612, stack(0x000000001d0a0000,0x000000001d1a0000)]
  0x000000001b8cc000 JavaThread "Daemon worker" [_thread_blocked, id=17136, stack(0x000000001cfa0000,0x000000001d0a0000)]
  0x000000001b950800 JavaThread "Cancel handler" [_thread_blocked, id=16144, stack(0x000000001cea0000,0x000000001cfa0000)]
  0x000000001a51b000 JavaThread "Handler for socket connection from /127.0.0.1:50166 to /127.0.0.1:50167" [_thread_in_native, id=10684, stack(0x000000001cba0000,0x000000001cca0000)]
  0x000000001a51a000 JavaThread "Daemon" [_thread_blocked, id=16584, stack(0x000000001caa0000,0x000000001cba0000)]
  0x000000001b82a800 JavaThread "Daemon periodic checks" [_thread_blocked, id=15520, stack(0x000000001c9a0000,0x000000001caa0000)]
  0x000000001b7f5800 JavaThread "Incoming local TCP Connector on port 50166" [_thread_in_native, id=10552, stack(0x000000001c7c0000,0x000000001c8c0000)]
  0x000000001b4d6000 JavaThread "Daemon health stats" [_thread_blocked, id=16604, stack(0x000000001c4c0000,0x000000001c5c0000)]
  0x0000000019048000 JavaThread "Service Thread" daemon [_thread_blocked, id=13464, stack(0x0000000019b20000,0x0000000019c20000)]
  0x0000000018fc0000 JavaThread "C1 CompilerThread3" daemon [_thread_blocked, id=2364, stack(0x0000000019a20000,0x0000000019b20000)]
=>0x0000000018fbc000 JavaThread "C2 CompilerThread2" daemon [_thread_in_native, id=8788, stack(0x0000000019920000,0x0000000019a20000)]
  0x0000000018fb1000 JavaThread "C2 CompilerThread1" daemon [_thread_in_native, id=16580, stack(0x0000000019820000,0x0000000019920000)]
  0x000000001716b800 JavaThread "C2 CompilerThread0" daemon [_thread_in_native, id=16060, stack(0x0000000019720000,0x0000000019820000)]
  0x0000000018fb0000 JavaThread "Attach Listener" daemon [_thread_blocked, id=12836, stack(0x0000000019620000,0x0000000019720000)]
  0x0000000018f5d000 JavaThread "Signal Dispatcher" daemon [_thread_blocked, id=7340, stack(0x0000000019520000,0x0000000019620000)]
  0x000000000339b800 JavaThread "Finalizer" daemon [_thread_blocked, id=11348, stack(0x0000000019420000,0x0000000019520000)]
  0x0000000018f40800 JavaThread "Reference Handler" daemon [_thread_blocked, id=4992, stack(0x0000000019320000,0x0000000019420000)]
  0x000000000329e000 JavaThread "main" [_thread_blocked, id=5244, stack(0x0000000003100000,0x0000000003200000)]

Other Threads:
  0x0000000017156800 VMThread [stack: 0x0000000018e20000,0x0000000018f20000] [id=5660]
  0x0000000019049000 WatcherThread [stack: 0x0000000019c20000,0x0000000019d20000] [id=17208]

VM state:not at safepoint (normal execution)

VM Mutex/Monitor currently owned by a thread: None

heap address: 0x00000000a0000000, size: 1536 MB, Compressed Oops mode: 32-bit
Narrow klass base: 0x0000000000000000, Narrow klass shift: 3
Compressed class space size: 1073741824 Address: 0x0000000100000000

Heap:
 PSYoungGen      total 190464K, used 156359K [0x00000000e0000000, 0x00000000ed080000, 0x0000000100000000)
  eden space 174592K, 82% used [0x00000000e0000000,0x00000000e8bdcb00,0x00000000eaa80000)
  from space 15872K, 82% used [0x00000000ec100000,0x00000000ecdd51d8,0x00000000ed080000)
  to   space 19456K, 0% used [0x00000000eaa80000,0x00000000eaa80000,0x00000000ebd80000)
 ParOldGen       total 142848K, used 30200K [0x00000000a0000000, 0x00000000a8b80000, 0x00000000e0000000)
  object space 142848K, 21% used [0x00000000a0000000,0x00000000a1d7e028,0x00000000a8b80000)
 Metaspace       used 74430K, capacity 77630K, committed 77784K, reserved 1116160K
  class space    used 10037K, capacity 10700K, committed 10712K, reserved 1048576K

Card table byte_map: [0x0000000012760000,0x0000000012a70000] byte_map_base: 0x0000000012260000

Marking Bits: (ParMarkBitMap*) 0x0000000053df9f30
 Begin Bits: [0x0000000013470000, 0x0000000014c70000)
 End Bits:   [0x0000000014c70000, 0x0000000016470000)

Polling page: 0x0000000001090000

CodeCache: size=245760Kb used=29676Kb max_used=29676Kb free=216083Kb
 bounds [0x00000000033a0000, 0x00000000050d0000, 0x00000000123a0000]
 total_blobs=9915 nmethods=8950 adapters=875
 compilation: enabled

Compilation events (10 events):
Event: 25.015 Thread 0x0000000018fc0000 nmethod 10447 0x00000000050b3d10 code [0x00000000050b3e60, 0x00000000050b3fb0]
Event: 25.015 Thread 0x0000000018fc0000 10448       3       com.android.tools.r8.graph.y0::<init> (62 bytes)
Event: 25.016 Thread 0x0000000018fc0000 nmethod 10448 0x00000000050b3410 code [0x00000000050b35a0, 0x00000000050b3a48]
Event: 25.016 Thread 0x0000000018fc0000 10450       3       com.android.tools.r8.graph.y0::b (61 bytes)
Event: 25.017 Thread 0x0000000018fc0000 nmethod 10450 0x00000000050b62d0 code [0x00000000050b64c0, 0x00000000050b6e90]
Event: 25.017 Thread 0x0000000018fc0000 10451       3       com.android.tools.r8.graph.y0::c (53 bytes)
Event: 25.017 Thread 0x0000000018fc0000 nmethod 10451 0x00000000050b30d0 code [0x00000000050b3220, 0x00000000050b3390]
Event: 25.017 Thread 0x0000000018fc0000 10452       3       com.android.tools.r8.graph.y0::c (56 bytes)
Event: 25.017 Thread 0x0000000018fc0000 nmethod 10452 0x00000000050b2bd0 code [0x00000000050b2d40, 0x00000000050b2f98]
Event: 25.017 Thread 0x0000000018fc0000 10453       3       com.android.tools.r8.graph.k::<init> (36 bytes)

GC Heap History (10 events):
Event: 13.152 GC heap before
{Heap before GC invocations=13 (full 2):
 PSYoungGen      total 132608K, used 132606K [0x00000000e0000000, 0x00000000e9080000, 0x0000000100000000)
  eden space 120320K, 100% used [0x00000000e0000000,0x00000000e7580000,0x00000000e7580000)
  from space 12288K, 99% used [0x00000000e8380000,0x00000000e8f7fbf0,0x00000000e8f80000)
  to   space 13824K, 0% used [0x00000000e7580000,0x00000000e7580000,0x00000000e8300000)
 ParOldGen       total 97792K, used 17064K [0x00000000a0000000, 0x00000000a5f80000, 0x00000000e0000000)
  object space 97792K, 17% used [0x00000000a0000000,0x00000000a10aa2f0,0x00000000a5f80000)
 Metaspace       used 54509K, capacity 56284K, committed 56320K, reserved 1097728K
  class space    used 7522K, capacity 7925K, committed 7936K, reserved 1048576K
Event: 13.186 GC heap after
Heap after GC invocations=13 (full 2):
 PSYoungGen      total 134144K, used 13798K [0x00000000e0000000, 0x00000000eb800000, 0x0000000100000000)
  eden space 120320K, 0% used [0x00000000e0000000,0x00000000e0000000,0x00000000e7580000)
  from space 13824K, 99% used [0x00000000e7580000,0x00000000e82f9a88,0x00000000e8300000)
  to   space 17408K, 0% used [0x00000000ea700000,0x00000000ea700000,0x00000000eb800000)
 ParOldGen       total 97792K, used 22764K [0x00000000a0000000, 0x00000000a5f80000, 0x00000000e0000000)
  object space 97792K, 23% used [0x00000000a0000000,0x00000000a163b1c8,0x00000000a5f80000)
 Metaspace       used 54509K, capacity 56284K, committed 56320K, reserved 1097728K
  class space    used 7522K, capacity 7925K, committed 7936K, reserved 1048576K
}
Event: 14.004 GC heap before
{Heap before GC invocations=14 (full 2):
 PSYoungGen      total 134144K, used 50732K [0x00000000e0000000, 0x00000000eb800000, 0x0000000100000000)
  eden space 120320K, 30% used [0x00000000e0000000,0x00000000e2411648,0x00000000e7580000)
  from space 13824K, 99% used [0x00000000e7580000,0x00000000e82f9a88,0x00000000e8300000)
  to   space 17408K, 0% used [0x00000000ea700000,0x00000000ea700000,0x00000000eb800000)
 ParOldGen       total 97792K, used 22764K [0x00000000a0000000, 0x00000000a5f80000, 0x00000000e0000000)
  object space 97792K, 23% used [0x00000000a0000000,0x00000000a163b1c8,0x00000000a5f80000)
 Metaspace       used 57103K, capacity 59008K, committed 59096K, reserved 1099776K
  class space    used 7921K, capacity 8353K, committed 8408K, reserved 1048576K
Event: 14.024 GC heap after
Heap after GC invocations=14 (full 2):
 PSYoungGen      total 168960K, used 16325K [0x00000000e0000000, 0x00000000ebf80000, 0x0000000100000000)
  eden space 151552K, 0% used [0x00000000e0000000,0x00000000e0000000,0x00000000e9400000)
  from space 17408K, 93% used [0x00000000ea700000,0x00000000eb6f1468,0x00000000eb800000)
  to   space 19456K, 0% used [0x00000000e9400000,0x00000000e9400000,0x00000000ea700000)
 ParOldGen       total 97792K, used 22772K [0x00000000a0000000, 0x00000000a5f80000, 0x00000000e0000000)
  object space 97792K, 23% used [0x00000000a0000000,0x00000000a163d1c8,0x00000000a5f80000)
 Metaspace       used 57103K, capacity 59008K, committed 59096K, reserved 1099776K
  class space    used 7921K, capacity 8353K, committed 8408K, reserved 1048576K
}
Event: 14.024 GC heap before
{Heap before GC invocations=15 (full 3):
 PSYoungGen      total 168960K, used 16325K [0x00000000e0000000, 0x00000000ebf80000, 0x0000000100000000)
  eden space 151552K, 0% used [0x00000000e0000000,0x00000000e0000000,0x00000000e9400000)
  from space 17408K, 93% used [0x00000000ea700000,0x00000000eb6f1468,0x00000000eb800000)
  to   space 19456K, 0% used [0x00000000e9400000,0x00000000e9400000,0x00000000ea700000)
 ParOldGen       total 97792K, used 22772K [0x00000000a0000000, 0x00000000a5f80000, 0x00000000e0000000)
  object space 97792K, 23% used [0x00000000a0000000,0x00000000a163d1c8,0x00000000a5f80000)
 Metaspace       used 57103K, capacity 59008K, committed 59096K, reserved 1099776K
  class space    used 7921K, capacity 8353K, committed 8408K, reserved 1048576K
Event: 14.278 GC heap after
Heap after GC invocations=15 (full 3):
 PSYoungGen      total 168960K, used 0K [0x00000000e0000000, 0x00000000ebf80000, 0x0000000100000000)
  eden space 151552K, 0% used [0x00000000e0000000,0x00000000e0000000,0x00000000e9400000)
  from space 17408K, 0% used [0x00000000ea700000,0x00000000ea700000,0x00000000eb800000)
  to   space 19456K, 0% used [0x00000000e9400000,0x00000000e9400000,0x00000000ea700000)
 ParOldGen       total 142848K, used 30184K [0x00000000a0000000, 0x00000000a8b80000, 0x00000000e0000000)
  object space 142848K, 21% used [0x00000000a0000000,0x00000000a1d7a028,0x00000000a8b80000)
 Metaspace       used 57103K, capacity 59008K, committed 59096K, reserved 1099776K
  class space    used 7921K, capacity 8353K, committed 8408K, reserved 1048576K
}
Event: 18.851 GC heap before
{Heap before GC invocations=16 (full 3):
 PSYoungGen      total 168960K, used 151552K [0x00000000e0000000, 0x00000000ebf80000, 0x0000000100000000)
  eden space 151552K, 100% used [0x00000000e0000000,0x00000000e9400000,0x00000000e9400000)
  from space 17408K, 0% used [0x00000000ea700000,0x00000000ea700000,0x00000000eb800000)
  to   space 19456K, 0% used [0x00000000e9400000,0x00000000e9400000,0x00000000ea700000)
 ParOldGen       total 142848K, used 30184K [0x00000000a0000000, 0x00000000a8b80000, 0x00000000e0000000)
  object space 142848K, 21% used [0x00000000a0000000,0x00000000a1d7a028,0x00000000a8b80000)
 Metaspace       used 64477K, capacity 66866K, committed 67288K, reserved 1107968K
  class space    used 8784K, capacity 9308K, committed 9432K, reserved 1048576K
Event: 18.863 GC heap after
Heap after GC invocations=16 (full 3):
 PSYoungGen      total 171008K, used 12033K [0x00000000e0000000, 0x00000000ed400000, 0x0000000100000000)
  eden space 151552K, 0% used [0x00000000e0000000,0x00000000e0000000,0x00000000e9400000)
  from space 19456K, 61% used [0x00000000e9400000,0x00000000e9fc0730,0x00000000ea700000)
  to   space 19456K, 0% used [0x00000000ec100000,0x00000000ec100000,0x00000000ed400000)
 ParOldGen       total 142848K, used 30192K [0x00000000a0000000, 0x00000000a8b80000, 0x00000000e0000000)
  object space 142848K, 21% used [0x00000000a0000000,0x00000000a1d7c028,0x00000000a8b80000)
 Metaspace       used 64477K, capacity 66866K, committed 67288K, reserved 1107968K
  class space    used 8784K, capacity 9308K, committed 9432K, reserved 1048576K
}
Event: 23.303 GC heap before
{Heap before GC invocations=17 (full 3):
 PSYoungGen      total 171008K, used 163585K [0x00000000e0000000, 0x00000000ed400000, 0x0000000100000000)
  eden space 151552K, 100% used [0x00000000e0000000,0x00000000e9400000,0x00000000e9400000)
  from space 19456K, 61% used [0x00000000e9400000,0x00000000e9fc0730,0x00000000ea700000)
  to   space 19456K, 0% used [0x00000000ec100000,0x00000000ec100000,0x00000000ed400000)
 ParOldGen       total 142848K, used 30192K [0x00000000a0000000, 0x00000000a8b80000, 0x00000000e0000000)
  object space 142848K, 21% used [0x00000000a0000000,0x00000000a1d7c028,0x00000000a8b80000)
 Metaspace       used 69118K, capacity 71744K, committed 71896K, reserved 1112064K
  class space    used 9247K, capacity 9837K, committed 9944K, reserved 1048576K
Event: 23.318 GC heap after
Heap after GC invocations=17 (full 3):
 PSYoungGen      total 190464K, used 13140K [0x00000000e0000000, 0x00000000ed080000, 0x0000000100000000)
  eden space 174592K, 0% used [0x00000000e0000000,0x00000000e0000000,0x00000000eaa80000)
  from space 15872K, 82% used [0x00000000ec100000,0x00000000ecdd51d8,0x00000000ed080000)
  to   space 19456K, 0% used [0x00000000eaa80000,0x00000000eaa80000,0x00000000ebd80000)
 ParOldGen       total 142848K, used 30200K [0x00000000a0000000, 0x00000000a8b80000, 0x00000000e0000000)
  object space 142848K, 21% used [0x00000000a0000000,0x00000000a1d7e028,0x00000000a8b80000)
 Metaspace       used 69118K, capacity 71744K, committed 71896K, reserved 1112064K
  class space    used 9247K, capacity 9837K, committed 9944K, reserved 1048576K
}

Deoptimization events (10 events):
Event: 24.857 Thread 0x000000001aedd800 Uncommon trap: reason=bimorphic action=maybe_recompile pc=0x0000000004a0a2d8 method=java.io.ObjectOutputStream$BlockDataOutputStream.drain()V @ 36
Event: 24.857 Thread 0x000000001aedd800 Uncommon trap: reason=bimorphic action=maybe_recompile pc=0x000000000430edfc method=java.io.ObjectOutputStream$BlockDataOutputStream.drain()V @ 36
Event: 24.857 Thread 0x000000001aedd800 Uncommon trap: reason=bimorphic action=maybe_recompile pc=0x0000000004c81acc method=java.io.ObjectOutputStream$BlockDataOutputStream.write([BIIZ)V @ 23
Event: 24.858 Thread 0x000000001aedd800 Uncommon trap: reason=unstable_if action=reinterpret pc=0x0000000004ac2b1c method=java.io.ObjectOutputStream$BlockDataOutputStream.writeBytes(Ljava/lang/String;)V @ 22
Event: 24.860 Thread 0x000000001aedd800 Uncommon trap: reason=bimorphic action=maybe_recompile pc=0x0000000004c81acc method=java.io.ObjectOutputStream$BlockDataOutputStream.write([BIIZ)V @ 23
Event: 24.860 Thread 0x000000001aedd800 Uncommon trap: reason=bimorphic action=maybe_recompile pc=0x0000000004c81acc method=java.io.ObjectOutputStream$BlockDataOutputStream.write([BIIZ)V @ 23
Event: 24.879 Thread 0x000000001aedd800 Uncommon trap: reason=bimorphic action=maybe_recompile pc=0x0000000004f22454 method=java.security.MessageDigest$Delegate.clone()Ljava/lang/Object; @ 14
Event: 24.879 Thread 0x000000001aedd800 Uncommon trap: reason=bimorphic action=maybe_recompile pc=0x0000000004f22454 method=java.security.MessageDigest$Delegate.clone()Ljava/lang/Object; @ 14
Event: 24.902 Thread 0x000000001aedd800 Uncommon trap: reason=bimorphic action=maybe_recompile pc=0x0000000004f22454 method=java.security.MessageDigest$Delegate.clone()Ljava/lang/Object; @ 14
Event: 24.906 Thread 0x000000001aedd800 Uncommon trap: reason=bimorphic action=maybe_recompile pc=0x0000000004f22454 method=java.security.MessageDigest$Delegate.clone()Ljava/lang/Object; @ 14

Classes redefined (0 events):
No events

Internal exceptions (10 events):
Event: 23.901 Thread 0x000000001e8e5800 Exception <a 'sun/nio/fs/WindowsException'> (0x00000000e1c7fd78) thrown at [D:\src\AOSP-openjdk-cygwin\jdk8u\hotspot\src\share\vm\prims\jni.cpp, line 710]
Event: 23.901 Thread 0x000000001e8e6000 Exception <a 'sun/nio/fs/WindowsException'> (0x00000000e1215d38) thrown at [D:\src\AOSP-openjdk-cygwin\jdk8u\hotspot\src\share\vm\prims\jni.cpp, line 710]
Event: 23.906 Thread 0x000000001e8de800 Exception <a 'sun/nio/fs/WindowsException'> (0x00000000e1d27bd0) thrown at [D:\src\AOSP-openjdk-cygwin\jdk8u\hotspot\src\share\vm\prims\jni.cpp, line 710]
Event: 24.176 Thread 0x000000001f16a000 Exception <a 'java/lang/NoSuchMethodError': java.lang.Object.lambda$static$0(Ljava/lang/String;)Z> (0x00000000e2f2a020) thrown at [D:\src\AOSP-openjdk-cygwin\jdk8u\hotspot\src\share\vm\interpreter\linkResolver.cpp, line 620]
Event: 24.370 Thread 0x000000001e8de800 Exception <a 'sun/nio/fs/WindowsException'> (0x00000000e36aa6a0) thrown at [D:\src\AOSP-openjdk-cygwin\jdk8u\hotspot\src\share\vm\prims\jni.cpp, line 710]
Event: 24.376 Thread 0x0000000020c04000 Exception <a 'sun/nio/fs/WindowsException'> (0x00000000e35c5b98) thrown at [D:\src\AOSP-openjdk-cygwin\jdk8u\hotspot\src\share\vm\prims\jni.cpp, line 710]
Event: 24.381 Thread 0x000000001e8e6000 Exception <a 'sun/nio/fs/WindowsException'> (0x00000000e38feaf8) thrown at [D:\src\AOSP-openjdk-cygwin\jdk8u\hotspot\src\share\vm\prims\jni.cpp, line 710]
Event: 24.392 Thread 0x000000001e8e2800 Exception <a 'sun/nio/fs/WindowsException'> (0x00000000e3955e10) thrown at [D:\src\AOSP-openjdk-cygwin\jdk8u\hotspot\src\share\vm\prims\jni.cpp, line 710]
Event: 24.425 Thread 0x000000001e8df800 Exception <a 'sun/nio/fs/WindowsException'> (0x00000000e3f9b598) thrown at [D:\src\AOSP-openjdk-cygwin\jdk8u\hotspot\src\share\vm\prims\jni.cpp, line 710]
Event: 24.602 Thread 0x000000001e8e0000 Exception <a 'sun/nio/fs/WindowsException'> (0x00000000e5478e48) thrown at [D:\src\AOSP-openjdk-cygwin\jdk8u\hotspot\src\share\vm\prims\jni.cpp, line 710]

Events (10 events):
Event: 25.014 loading class com/android/tools/r8/u/b/B
Event: 25.014 loading class com/android/tools/r8/u/b/B done
Event: 25.015 loading class com/android/tools/r8/u/b/a0
Event: 25.015 loading class com/android/tools/r8/u/b/a0 done
Event: 25.016 loading class com/android/tools/r8/u/b/x
Event: 25.016 loading class com/android/tools/r8/u/b/x done
Event: 25.016 loading class com/android/tools/r8/a
Event: 25.016 loading class com/android/tools/r8/a done
Event: 25.017 loading class com/android/tools/r8/u/b/w
Event: 25.017 loading class com/android/tools/r8/u/b/w done


Dynamic libraries:
0x00007ff7f4d30000 - 0x00007ff7f4d61000 	C:\Program Files\Android\Android Studio\jre\bin\java.exe
0x00007ffee2560000 - 0x00007ffee2750000 	C:\WINDOWS\SYSTEM32\ntdll.dll
0x00007ffee23e0000 - 0x00007ffee2492000 	C:\WINDOWS\System32\KERNEL32.DLL
0x00007ffedf5e0000 - 0x00007ffedf883000 	C:\WINDOWS\System32\KERNELBASE.dll
0x00007ffee1630000 - 0x00007ffee16d3000 	C:\WINDOWS\System32\ADVAPI32.dll
0x00007ffee0ea0000 - 0x00007ffee0f3e000 	C:\WINDOWS\System32\msvcrt.dll
0x00007ffee1a90000 - 0x00007ffee1b27000 	C:\WINDOWS\System32\sechost.dll
0x00007ffee2250000 - 0x00007ffee2370000 	C:\WINDOWS\System32\RPCRT4.dll
0x00007ffee16e0000 - 0x00007ffee1874000 	C:\WINDOWS\System32\USER32.dll
0x00007ffedfe10000 - 0x00007ffedfe31000 	C:\WINDOWS\System32\win32u.dll
0x00007ffee0d40000 - 0x00007ffee0d66000 	C:\WINDOWS\System32\GDI32.dll
0x00007ffedf9e0000 - 0x00007ffedfb74000 	C:\WINDOWS\System32\gdi32full.dll
0x00007ffedf540000 - 0x00007ffedf5de000 	C:\WINDOWS\System32\msvcp_win.dll
0x00007ffedfc00000 - 0x00007ffedfcfa000 	C:\WINDOWS\System32\ucrtbase.dll
0x00007ffec3170000 - 0x00007ffec33f5000 	C:\WINDOWS\WinSxS\amd64_microsoft.windows.common-controls_6595b64144ccf1df_6.0.18362.778_none_e6c6b761130d4fb8\COMCTL32.dll
0x00007ffee1b70000 - 0x00007ffee1ea6000 	C:\WINDOWS\System32\combase.dll
0x00007ffedfb80000 - 0x00007ffedfc00000 	C:\WINDOWS\System32\bcryptPrimitives.dll
0x00007ffee1b40000 - 0x00007ffee1b6e000 	C:\WINDOWS\System32\IMM32.DLL
0x0000000052f00000 - 0x0000000052fd2000 	C:\Program Files\Android\Android Studio\jre\jre\bin\msvcr100.dll
0x0000000053630000 - 0x0000000053e76000 	C:\Program Files\Android\Android Studio\jre\jre\bin\server\jvm.dll
0x00007ffee1b30000 - 0x00007ffee1b38000 	C:\WINDOWS\System32\PSAPI.DLL
0x00007ffec7fc0000 - 0x00007ffec7fc9000 	C:\WINDOWS\SYSTEM32\WSOCK32.dll
0x00007ffee2370000 - 0x00007ffee23df000 	C:\WINDOWS\System32\WS2_32.dll
0x00007ffedb7b0000 - 0x00007ffedb7d4000 	C:\WINDOWS\SYSTEM32\WINMM.dll
0x00007ffed0ba0000 - 0x00007ffed0baa000 	C:\WINDOWS\SYSTEM32\VERSION.dll
0x00007ffedb710000 - 0x00007ffedb73d000 	C:\WINDOWS\SYSTEM32\winmmbase.dll
0x00007ffedf4f0000 - 0x00007ffedf53a000 	C:\WINDOWS\System32\cfgmgr32.dll
0x00007ffebab30000 - 0x00007ffebab3f000 	C:\Program Files\Android\Android Studio\jre\jre\bin\verify.dll
0x00007ffebab00000 - 0x00007ffebab29000 	C:\Program Files\Android\Android Studio\jre\jre\bin\java.dll
0x00007ffeb7680000 - 0x00007ffeb7696000 	C:\Program Files\Android\Android Studio\jre\jre\bin\zip.dll
0x00007ffee0f40000 - 0x00007ffee1625000 	C:\WINDOWS\System32\SHELL32.dll
0x00007ffee0610000 - 0x00007ffee06b9000 	C:\WINDOWS\System32\shcore.dll
0x00007ffedfe40000 - 0x00007ffee05c0000 	C:\WINDOWS\System32\windows.storage.dll
0x00007ffedf4c0000 - 0x00007ffedf4e3000 	C:\WINDOWS\System32\profapi.dll
0x00007ffedf450000 - 0x00007ffedf49a000 	C:\WINDOWS\System32\powrprof.dll
0x00007ffedf420000 - 0x00007ffedf430000 	C:\WINDOWS\System32\UMPDC.dll
0x00007ffee0ce0000 - 0x00007ffee0d32000 	C:\WINDOWS\System32\shlwapi.dll
0x00007ffedf430000 - 0x00007ffedf441000 	C:\WINDOWS\System32\kernel.appcore.dll
0x00007ffee05c0000 - 0x00007ffee05d7000 	C:\WINDOWS\System32\cryptsp.dll
0x00007ffeb7660000 - 0x00007ffeb767a000 	C:\Program Files\Android\Android Studio\jre\jre\bin\net.dll
0x00007ffed4600000 - 0x00007ffed47d5000 	C:\WINDOWS\SYSTEM32\urlmon.dll
0x00007ffed4350000 - 0x00007ffed45f6000 	C:\WINDOWS\SYSTEM32\iertutil.dll
0x00007ffedee60000 - 0x00007ffedee6c000 	C:\WINDOWS\SYSTEM32\CRYPTBASE.DLL
0x00007ffedec90000 - 0x00007ffedecf7000 	C:\WINDOWS\system32\mswsock.dll
0x00007ffeb7640000 - 0x00007ffeb7653000 	C:\Program Files\Android\Android Studio\jre\jre\bin\nio.dll
0x00007ffeda900000 - 0x00007ffeda926000 	C:\Users\yura PC\.gradle\native\30\windows-amd64\native-platform.dll
0x00007ffeb7630000 - 0x00007ffeb763d000 	C:\Program Files\Android\Android Studio\jre\jre\bin\management.dll
0x00007ffede800000 - 0x00007ffede833000 	C:\WINDOWS\system32\rsaenh.dll
0x00007ffee05e0000 - 0x00007ffee0606000 	C:\WINDOWS\System32\bcrypt.dll
0x00007ffedf340000 - 0x00007ffedf365000 	C:\WINDOWS\SYSTEM32\USERENV.dll
0x00007ffede9a0000 - 0x00007ffede9da000 	C:\WINDOWS\SYSTEM32\IPHLPAPI.DLL
0x00007ffee0de0000 - 0x00007ffee0de8000 	C:\WINDOWS\System32\NSI.dll
0x00007ffed7d10000 - 0x00007ffed7d26000 	C:\WINDOWS\SYSTEM32\dhcpcsvc6.DLL
0x00007ffed7cf0000 - 0x00007ffed7d0c000 	C:\WINDOWS\SYSTEM32\dhcpcsvc.DLL
0x00007ffede9e0000 - 0x00007ffedeaaa000 	C:\WINDOWS\SYSTEM32\DNSAPI.dll
0x00007ffeb6240000 - 0x00007ffeb6264000 	C:\Program Files\Android\Android Studio\jre\jre\bin\sunec.dll
0x00007ffed8a20000 - 0x00007ffed8a2a000 	C:\Windows\System32\rasadhlp.dll
0x00007ffed6b80000 - 0x00007ffed6bf7000 	C:\WINDOWS\System32\fwpuclnt.dll
0x00007ffeba960000 - 0x00007ffeba96b000 	C:\Program Files\Android\Android Studio\jre\jre\bin\sunmscapi.dll
0x00007ffedf890000 - 0x00007ffedf9d9000 	C:\WINDOWS\System32\CRYPT32.dll
0x00007ffedf4a0000 - 0x00007ffedf4b2000 	C:\WINDOWS\System32\MSASN1.dll
0x00007ffea5a20000 - 0x00007ffea5bbc000 	C:\Program Files\Android\Android Studio\jre\jre\bin\awt.dll
0x00007ffee1880000 - 0x00007ffee1944000 	C:\WINDOWS\System32\OLEAUT32.dll
0x00007ffedc1e0000 - 0x00007ffedc7a0000 	C:\WINDOWS\SYSTEM32\d2d1.dll
0x00007ffeddbc0000 - 0x00007ffeddbed000 	C:\WINDOWS\SYSTEM32\dwmapi.dll
0x00007ffedd5c0000 - 0x00007ffedd64f000 	C:\WINDOWS\SYSTEM32\apphelp.dll
0x00007ffedd700000 - 0x00007ffedd799000 	C:\WINDOWS\system32\uxtheme.dll

VM Arguments:
jvm_args: -Xmx1536m -Dfile.encoding=x-windows-949 -Duser.country=KR -Duser.language=ko -Duser.variant 
java_command: org.gradle.launcher.daemon.bootstrap.GradleDaemon 5.6.4
java_class_path (initial): C:\Users\yura PC\.gradle\wrapper\dists\gradle-5.6.4-all\ankdp27end7byghfw1q2sw75f\gradle-5.6.4\lib\gradle-launcher-5.6.4.jar
Launcher Type: SUN_STANDARD

Environment Variables:
PATH=C:\oraclexe\app\oracle\product\11.2.0\server\bin;C:\Program Files (x86)\Common Files\Oracle\Java\javapath;C:\WINDOWS\system32;C:\WINDOWS;C:\WINDOWS\System32\Wbem;C:\WINDOWS\System32\WindowsPowerShell\v1.0\;C:\WINDOWS\System32\OpenSSH\;C:\Program Files\Git\cmd;C:\Users\yura PC\AppData\Local\Microsoft\WindowsApps;C:\Users\yura PC\AppData\Local\atom\bin;%USERPROFILE%\AppData\Local\Microsoft\WindowsApps;
USERNAME=yura PC
OS=Windows_NT
PROCESSOR_IDENTIFIER=Intel64 Family 6 Model 142 Stepping 10, GenuineIntel



---------------  S Y S T E M  ---------------

OS: Windows 10.0 , 64 bit Build 18362 (10.0.18362.778)

CPU:total 8 (initial active 8) (4 cores per cpu, 2 threads per core) family 6 model 142 stepping 10, cmov, cx8, fxsr, mmx, sse, sse2, sse3, ssse3, sse4.1, sse4.2, popcnt, avx, avx2, aes, clmul, erms, 3dnowpref, lzcnt, ht, tsc, tscinvbit, bmi1, bmi2, adx

Memory: 4k page, physical 8251788k(633548k free), swap 8251788k(4908k free)

vm_info: OpenJDK 64-Bit Server VM (25.212-b04) for windows-amd64 JRE (1.8.0_212-release-1586-b04), built by "builder" with MS VC++ 10.0 (VS2010)

time: Tue May 05 16:52:25 2020
timezone: ´ëÇŃąÎ±ą ÇĄÁŘ˝Ă
elapsed time: 25 seconds (0d 0h 0m 25s)

