#
# There is insufficient memory for the Java Runtime Environment to continue.
# Native memory allocation (malloc) failed to allocate 1353776 bytes for Chunk::new
# Possible reasons:
#   The system is out of physical RAM or swap space
#   The process is running with CompressedOops enabled, and the Java Heap may be blocking the growth of the native heap
# Possible solutions:
#   Reduce memory load on the system
#   Increase physical memory or swap space
#   Check if swap backing store is full
#   Decrease Java heap size (-Xmx/-Xms)
#   Decrease number of Java threads
#   Decrease Java thread stack sizes (-Xss)
#   Set larger code cache with -XX:ReservedCodeCacheSize=
#   JVM is running with Unscaled Compressed Oops mode in which the Java heap is
#     placed in the first 4GB address space. The Java Heap base address is the
#     maximum limit for the native heap growth. Please use -XX:HeapBaseMinAddress
#     to set the Java Heap base and to place the Java Heap above 4GB virtual address.
# This output file may be truncated or incomplete.
#
#  Out of Memory Error (allocation.cpp:389), pid=16484, tid=0x0000000000003484
#
# JRE version: OpenJDK Runtime Environment (8.0_212-b04) (build 1.8.0_212-release-1586-b04)
# Java VM: OpenJDK 64-Bit Server VM (25.212-b04 mixed mode windows-amd64 compressed oops)
# Failed to write core dump. Minidumps are not enabled by default on client versions of Windows
#

---------------  T H R E A D  ---------------

Current thread (0x00000000186a8000):  JavaThread "C2 CompilerThread0" daemon [_thread_in_native, id=13444, stack(0x0000000018f00000,0x0000000019000000)]

Stack: [0x0000000018f00000,0x0000000019000000]
[error occurred during error reporting (printing stack bounds), id 0xc0000005]

Native frames: (J=compiled Java code, j=interpreted, Vv=VM code, C=native code)


Current CompileTask:
C2:  27496 8080   !   4       java.io.ObjectOutputStream::writeObject0 (619 bytes)


---------------  P R O C E S S  ---------------

Java Threads: ( => current thread )
  0x000000001e99a000 JavaThread "stdout" [_thread_in_native, id=3052, stack(0x0000000027e20000,0x0000000027f20000)]
  0x000000001e99d800 JavaThread "stderr" [_thread_in_native, id=17404, stack(0x0000000027d20000,0x0000000027e20000)]
  0x000000001e997000 JavaThread "stdout" [_thread_in_native, id=9984, stack(0x0000000027c20000,0x0000000027d20000)]
  0x000000001e998800 JavaThread "stderr" [_thread_in_native, id=15368, stack(0x0000000027b20000,0x0000000027c20000)]
  0x000000001e997800 JavaThread "stdout" [_thread_in_native, id=7104, stack(0x0000000027a20000,0x0000000027b20000)]
  0x00000000225c1000 JavaThread "stderr" [_thread_in_native, id=16900, stack(0x0000000027920000,0x0000000027a20000)]
  0x000000002052d000 JavaThread "stdout" [_thread_in_native, id=8660, stack(0x0000000027820000,0x0000000027920000)]
  0x0000000020531800 JavaThread "stderr" [_thread_in_native, id=16488, stack(0x0000000027720000,0x0000000027820000)]
  0x000000002052c800 JavaThread "stdout" [_thread_in_native, id=5776, stack(0x0000000027620000,0x0000000027720000)]
  0x0000000020531000 JavaThread "stderr" [_thread_in_native, id=13264, stack(0x0000000027520000,0x0000000027620000)]
  0x000000002052b800 JavaThread "stdout" [_thread_in_native, id=9544, stack(0x0000000027420000,0x0000000027520000)]
  0x000000002052f800 JavaThread "stderr" [_thread_in_native, id=14456, stack(0x0000000026fc0000,0x00000000270c0000)]
  0x000000002052e800 JavaThread "stdout" [_thread_in_native, id=14840, stack(0x0000000027320000,0x0000000027420000)]
  0x0000000020530000 JavaThread "stderr" [_thread_in_native, id=16752, stack(0x0000000027220000,0x0000000027320000)]
  0x000000002052e000 JavaThread "pool-2-thread-1" [_thread_blocked, id=7304, stack(0x0000000027120000,0x0000000027220000)]
  0x0000000020532800 JavaThread "WorkerExecutor Queue Thread 8" [_thread_blocked, id=4448, stack(0x0000000026bb0000,0x0000000026cb0000)]
  0x000000002052a000 JavaThread "MarlinRenderer Disposer" daemon [_thread_blocked, id=1100, stack(0x0000000026cc0000,0x0000000026dc0000)]
  0x0000000020525000 JavaThread "Java2D Disposer" daemon [_thread_blocked, id=14148, stack(0x0000000026ab0000,0x0000000026bb0000)]
  0x0000000020523000 JavaThread "WorkerExecutor Queue Thread 7" [_thread_blocked, id=1388, stack(0x00000000269b0000,0x0000000026ab0000)]
  0x0000000020527000 JavaThread "WorkerExecutor Queue Thread 6" [_thread_blocked, id=16872, stack(0x00000000268b0000,0x00000000269b0000)]
  0x0000000020528800 JavaThread "WorkerExecutor Queue Thread 5" [_thread_blocked, id=8840, stack(0x00000000267b0000,0x00000000268b0000)]
  0x0000000020529800 JavaThread "WorkerExecutor Queue Thread 4" [_thread_blocked, id=4620, stack(0x00000000266b0000,0x00000000267b0000)]
  0x0000000020525800 JavaThread "WorkerExecutor Queue Thread 3" [_thread_blocked, id=16824, stack(0x00000000265b0000,0x00000000266b0000)]
  0x0000000020528000 JavaThread "WorkerExecutor Queue Thread 2" [_thread_blocked, id=5872, stack(0x00000000248a0000,0x00000000249a0000)]
  0x0000000020526800 JavaThread "WorkerExecutor Queue" [_thread_blocked, id=8672, stack(0x00000000242e0000,0x00000000243e0000)]
  0x00000000225c2000 JavaThread "Cache worker for execution history cache (C:\Users\yura PC\AndroidStudioProjects\MyFirstApp\.gradle\5.6.4\executionHistory)" [_thread_blocked, id=16860, stack(0x00000000250e0000,0x00000000251e0000)]
  0x00000000225c0800 JavaThread "Execution worker for ':' Thread 7" [_thread_blocked, id=17216, stack(0x0000000024fe0000,0x00000000250e0000)]
  0x00000000225bf800 JavaThread "Execution worker for ':' Thread 6" [_thread_blocked, id=13272, stack(0x0000000024ee0000,0x0000000024fe0000)]
  0x00000000225bf000 JavaThread "Execution worker for ':' Thread 5" [_thread_blocked, id=16864, stack(0x0000000024de0000,0x0000000024ee0000)]
  0x00000000225bc800 JavaThread "Execution worker for ':' Thread 4" [_thread_blocked, id=15424, stack(0x0000000024ce0000,0x0000000024de0000)]
  0x00000000225bd800 JavaThread "Execution worker for ':' Thread 3" [_thread_blocked, id=9964, stack(0x0000000024be0000,0x0000000024ce0000)]
  0x00000000225be000 JavaThread "Execution worker for ':' Thread 2" [_thread_blocked, id=17256, stack(0x0000000024ae0000,0x0000000024be0000)]
  0x000000001dc0d000 JavaThread "Execution worker for ':'" [_thread_in_native, id=16896, stack(0x00000000249e0000,0x0000000024ae0000)]
  0x000000001dc09000 JavaThread "Cache worker for file content cache (C:\Users\yura PC\AndroidStudioProjects\MyFirstApp\.gradle\5.6.4\fileContent)" [_thread_blocked, id=15152, stack(0x0000000023fe0000,0x00000000240e0000)]
  0x000000001dc0c000 JavaThread "Cache worker for file content cache (C:\Users\yura PC\.gradle\caches\5.6.4\fileContent)" [_thread_blocked, id=15068, stack(0x0000000023ee0000,0x0000000023fe0000)]
  0x000000001dc07800 JavaThread "Memory manager" [_thread_blocked, id=13940, stack(0x0000000023de0000,0x0000000023ee0000)]
  0x000000001dc08800 JavaThread "Cache worker for Build Output Cleanup Cache (C:\Users\yura PC\AndroidStudioProjects\MyFirstApp\.gradle\buildOutputCleanup)" [_thread_blocked, id=17240, stack(0x00000000234e0000,0x00000000235e0000)]
  0x000000001dc0a800 JavaThread "Build operations Thread 8" [_thread_blocked, id=11184, stack(0x0000000022de0000,0x0000000022ee0000)]
  0x000000001dc0d800 JavaThread "Build operations Thread 7" [_thread_blocked, id=11220, stack(0x0000000022ce0000,0x0000000022de0000)]
  0x000000001dc0a000 JavaThread "Build operations Thread 6" [_thread_blocked, id=9508, stack(0x0000000022be0000,0x0000000022ce0000)]
  0x000000001dbff800 JavaThread "Build operations Thread 5" [_thread_blocked, id=11344, stack(0x0000000022ae0000,0x0000000022be0000)]
  0x000000001dc06000 JavaThread "Build operations Thread 4" [_thread_blocked, id=17260, stack(0x00000000217a0000,0x00000000218a0000)]
  0x000000001dc00000 JavaThread "Build operations Thread 3" [_thread_blocked, id=9564, stack(0x00000000216a0000,0x00000000217a0000)]
  0x000000001dbfe800 JavaThread "Build operations Thread 2" [_thread_blocked, id=16224, stack(0x00000000215a0000,0x00000000216a0000)]
  0x000000001dc05800 JavaThread "Build operations" [_thread_blocked, id=12228, stack(0x00000000214a0000,0x00000000215a0000)]
  0x000000001dc04800 JavaThread "Cache worker for execution history cache (C:\Users\yura PC\.gradle\caches\5.6.4\executionHistory)" [_thread_blocked, id=10244, stack(0x00000000213a0000,0x00000000214a0000)]
  0x000000001dc01800 JavaThread "Cache worker for cache directory md-rule (C:\Users\yura PC\.gradle\caches\5.6.4\md-rule)" [_thread_blocked, id=13808, stack(0x000000001f800000,0x000000001f900000)]
  0x000000001dc01000 JavaThread "Cache worker for cache directory md-supplier (C:\Users\yura PC\.gradle\caches\5.6.4\md-supplier)" [_thread_blocked, id=9460, stack(0x000000001f560000,0x000000001f660000)]
  0x0000000018705800 JavaThread "Cache worker for file hash cache (C:\Users\yura PC\AndroidStudioProjects\MyFirstApp\.gradle\5.6.4\fileHashes)" [_thread_blocked, id=14284, stack(0x000000001f700000,0x000000001f800000)]
  0x0000000018708800 JavaThread "Cache worker for journal cache (C:\Users\yura PC\.gradle\caches\journal-1)" [_thread_blocked, id=4000, stack(0x000000001d0c0000,0x000000001d1c0000)]
  0x0000000018707800 JavaThread "File lock request listener" [_thread_in_native, id=10624, stack(0x000000001cfc0000,0x000000001d0c0000)]
  0x0000000018707000 JavaThread "Cache worker for file hash cache (C:\Users\yura PC\.gradle\caches\5.6.4\fileHashes)" [_thread_blocked, id=13420, stack(0x000000001cec0000,0x000000001cfc0000)]
  0x00000000188ba000 JavaThread "Thread-9" [_thread_blocked, id=6936, stack(0x000000001cbc0000,0x000000001ccc0000)]
  0x00000000188c0000 JavaThread "Stdin handler" [_thread_blocked, id=11972, stack(0x000000001cac0000,0x000000001cbc0000)]
  0x00000000188bd000 JavaThread "Asynchronous log dispatcher for DefaultDaemonConnection: socket connection from /127.0.0.1:50211 to /127.0.0.1:50212" [_thread_blocked, id=11888, stack(0x000000001c8c0000,0x000000001c9c0000)]
  0x0000000019c4d000 JavaThread "Daemon worker" [_thread_blocked, id=14164, stack(0x000000001c7c0000,0x000000001c8c0000)]
  0x0000000018a1a800 JavaThread "Cancel handler" [_thread_blocked, id=14368, stack(0x000000001c6c0000,0x000000001c7c0000)]
  0x0000000018907000 JavaThread "Handler for socket connection from /127.0.0.1:50211 to /127.0.0.1:50212" [_thread_in_native, id=14440, stack(0x000000001c3c0000,0x000000001c4c0000)]
  0x0000000018999800 JavaThread "Daemon" [_thread_blocked, id=14436, stack(0x000000001c2c0000,0x000000001c3c0000)]
  0x000000001898c800 JavaThread "Daemon periodic checks" [_thread_blocked, id=16504, stack(0x000000001c1c0000,0x000000001c2c0000)]
  0x0000000019e4f000 JavaThread "Incoming local TCP Connector on port 50211" [_thread_in_native, id=17252, stack(0x000000001bfe0000,0x000000001c0e0000)]
  0x000000001ae21800 JavaThread "Daemon health stats" [_thread_blocked, id=13616, stack(0x000000001bcc0000,0x000000001bdc0000)]
  0x00000000187a2800 JavaThread "Service Thread" daemon [_thread_blocked, id=14072, stack(0x0000000019300000,0x0000000019400000)]
  0x000000001870a000 JavaThread "C1 CompilerThread3" daemon [_thread_blocked, id=5276, stack(0x0000000019200000,0x0000000019300000)]
  0x0000000018704000 JavaThread "C2 CompilerThread2" daemon [_thread_in_native, id=13512, stack(0x0000000019100000,0x0000000019200000)]
  0x0000000018703000 JavaThread "C2 CompilerThread1" daemon [_thread_blocked, id=3972, stack(0x0000000019000000,0x0000000019100000)]
=>0x00000000186a8000 JavaThread "C2 CompilerThread0" daemon [_thread_in_native, id=13444, stack(0x0000000018f00000,0x0000000019000000)]
  0x000000001689e800 JavaThread "Attach Listener" daemon [_thread_blocked, id=764, stack(0x0000000018e00000,0x0000000018f00000)]
  0x0000000018700000 JavaThread "Signal Dispatcher" daemon [_thread_blocked, id=12352, stack(0x0000000018d00000,0x0000000018e00000)]
  0x0000000002ac9000 JavaThread "Finalizer" daemon [_thread_blocked, id=11416, stack(0x0000000018b70000,0x0000000018c70000)]
  0x000000001688c800 JavaThread "Reference Handler" daemon [_thread_blocked, id=13140, stack(0x0000000018a70000,0x0000000018b70000)]
  0x000000000245e000 JavaThread "main" [_thread_blocked, id=2188, stack(0x00000000028d0000,0x00000000029d0000)]

Other Threads:
  0x0000000016886800 VMThread [stack: 0x0000000018570000,0x0000000018670000] [id=13148]
  0x0000000018780000 WatcherThread [stack: 0x0000000019400000,0x0000000019500000] [id=8172]

VM state:not at safepoint (normal execution)

VM Mutex/Monitor currently owned by a thread: None

heap address: 0x00000000a0000000, size: 1536 MB, Compressed Oops mode: 32-bit
Narrow klass base: 0x0000000000000000, Narrow klass shift: 3
Compressed class space size: 1073741824 Address: 0x0000000100000000

Heap:
 PSYoungGen      total 190976K, used 45344K [0x00000000e0000000, 0x00000000efc80000, 0x0000000100000000)
  eden space 171520K, 15% used [0x00000000e0000000,0x00000000e1a681f8,0x00000000ea780000)
  from space 19456K, 94% used [0x00000000ea780000,0x00000000eb95ff60,0x00000000eba80000)
  to   space 22016K, 0% used [0x00000000ee700000,0x00000000ee700000,0x00000000efc80000)
 ParOldGen       total 123904K, used 29243K [0x00000000a0000000, 0x00000000a7900000, 0x00000000e0000000)
  object space 123904K, 23% used [0x00000000a0000000,0x00000000a1c8ee78,0x00000000a7900000)
 Metaspace       used 63236K, capacity 65588K, committed 65752K, reserved 1105920K
  class space    used 8552K, capacity 9057K, committed 9176K, reserved 1048576K

Card table byte_map: [0x0000000011e90000,0x00000000121a0000] byte_map_base: 0x0000000011990000

Marking Bits: (ParMarkBitMap*) 0x0000000053df9f30
 Begin Bits: [0x0000000012ba0000, 0x00000000143a0000)
 End Bits:   [0x00000000143a0000, 0x0000000015ba0000)

Polling page: 0x0000000002420000

CodeCache: size=245760Kb used=23003Kb max_used=23005Kb free=222756Kb
 bounds [0x0000000002ad0000, 0x0000000004170000, 0x0000000011ad0000]
 total_blobs=7944 nmethods=7032 adapters=824
 compilation: enabled

Compilation events (10 events):
Event: 27.478 Thread 0x000000001870a000 nmethod 8182 0x000000000415d150 code [0x000000000415d2c0, 0x000000000415d648]
Event: 27.478 Thread 0x000000001870a000 8183       3       org.gradle.api.internal.artifacts.transform.TransformingArtifactVisitor::<init> (26 bytes)
Event: 27.478 Thread 0x000000001870a000 nmethod 8183 0x000000000415d7d0 code [0x000000000415d920, 0x000000000415db30]
Event: 27.480 Thread 0x0000000018704000 nmethod 8179 0x00000000041609d0 code [0x0000000004160b20, 0x0000000004160ce8]
Event: 27.480 Thread 0x000000001870a000 8184       1       com.google.protobuf.GeneratedMessageV3$Builder::getUnknownFields (5 bytes)
Event: 27.480 Thread 0x000000001870a000 nmethod 8184 0x000000000414f310 code [0x000000000414f460, 0x000000000414f570]
Event: 27.490 Thread 0x000000001870a000 8185       3       org.gradle.api.internal.file.AbstractFileResolver::convertObjectToFile (55 bytes)
Event: 27.491 Thread 0x0000000018704000 8187       4       org.gradle.internal.service.DefaultServiceRegistry$OwnServices::getService (309 bytes)
Event: 27.491 Thread 0x000000001870a000 nmethod 8185 0x000000000415ee10 code [0x000000000415f080, 0x00000000041600b8]
Event: 27.491 Thread 0x000000001870a000 8186       3       com.google.common.base.CharMatcher$InRange::matches (22 bytes)

GC Heap History (10 events):
Event: 15.981 GC heap before
{Heap before GC invocations=12 (full 2):
 PSYoungGen      total 119296K, used 107520K [0x00000000e0000000, 0x00000000eab80000, 0x0000000100000000)
  eden space 107520K, 100% used [0x00000000e0000000,0x00000000e6900000,0x00000000e6900000)
  from space 11776K, 0% used [0x00000000e6900000,0x00000000e6900000,0x00000000e7480000)
  to   space 12288K, 0% used [0x00000000e9f80000,0x00000000e9f80000,0x00000000eab80000)
 ParOldGen       total 86528K, used 16794K [0x00000000a0000000, 0x00000000a5480000, 0x00000000e0000000)
  object space 86528K, 19% used [0x00000000a0000000,0x00000000a1066af0,0x00000000a5480000)
 Metaspace       used 45126K, capacity 46220K, committed 46336K, reserved 1089536K
  class space    used 6069K, capacity 6354K, committed 6400K, reserved 1048576K
Event: 16.002 GC heap after
Heap after GC invocations=12 (full 2):
 PSYoungGen      total 148992K, used 12270K [0x00000000e0000000, 0x00000000eab80000, 0x0000000100000000)
  eden space 136704K, 0% used [0x00000000e0000000,0x00000000e0000000,0x00000000e8580000)
  from space 12288K, 99% used [0x00000000e9f80000,0x00000000eab7b9d8,0x00000000eab80000)
  to   space 14848K, 0% used [0x00000000e8e80000,0x00000000e8e80000,0x00000000e9d00000)
 ParOldGen       total 86528K, used 19143K [0x00000000a0000000, 0x00000000a5480000, 0x00000000e0000000)
  object space 86528K, 22% used [0x00000000a0000000,0x00000000a12b1f88,0x00000000a5480000)
 Metaspace       used 45126K, capacity 46220K, committed 46336K, reserved 1089536K
  class space    used 6069K, capacity 6354K, committed 6400K, reserved 1048576K
}
Event: 19.049 GC heap before
{Heap before GC invocations=13 (full 2):
 PSYoungGen      total 148992K, used 148974K [0x00000000e0000000, 0x00000000eab80000, 0x0000000100000000)
  eden space 136704K, 100% used [0x00000000e0000000,0x00000000e8580000,0x00000000e8580000)
  from space 12288K, 99% used [0x00000000e9f80000,0x00000000eab7b9d8,0x00000000eab80000)
  to   space 14848K, 0% used [0x00000000e8e80000,0x00000000e8e80000,0x00000000e9d00000)
 ParOldGen       total 86528K, used 19143K [0x00000000a0000000, 0x00000000a5480000, 0x00000000e0000000)
  object space 86528K, 22% used [0x00000000a0000000,0x00000000a12b1f88,0x00000000a5480000)
 Metaspace       used 56294K, capacity 58142K, committed 58496K, reserved 1099776K
  class space    used 7784K, capacity 8218K, committed 8320K, reserved 1048576K
Event: 19.075 GC heap after
Heap after GC invocations=13 (full 2):
 PSYoungGen      total 160768K, used 14835K [0x00000000e0000000, 0x00000000ecd00000, 0x0000000100000000)
  eden space 145920K, 0% used [0x00000000e0000000,0x00000000e0000000,0x00000000e8e80000)
  from space 14848K, 99% used [0x00000000e8e80000,0x00000000e9cfcff8,0x00000000e9d00000)
  to   space 18944K, 0% used [0x00000000eba80000,0x00000000eba80000,0x00000000ecd00000)
 ParOldGen       total 86528K, used 25862K [0x00000000a0000000, 0x00000000a5480000, 0x00000000e0000000)
  object space 86528K, 29% used [0x00000000a0000000,0x00000000a1941870,0x00000000a5480000)
 Metaspace       used 56294K, capacity 58142K, committed 58496K, reserved 1099776K
  class space    used 7784K, capacity 8218K, committed 8320K, reserved 1048576K
}
Event: 19.289 GC heap before
{Heap before GC invocations=14 (full 2):
 PSYoungGen      total 160768K, used 27220K [0x00000000e0000000, 0x00000000ecd00000, 0x0000000100000000)
  eden space 145920K, 8% used [0x00000000e0000000,0x00000000e0c18270,0x00000000e8e80000)
  from space 14848K, 99% used [0x00000000e8e80000,0x00000000e9cfcff8,0x00000000e9d00000)
  to   space 18944K, 0% used [0x00000000eba80000,0x00000000eba80000,0x00000000ecd00000)
 ParOldGen       total 86528K, used 25862K [0x00000000a0000000, 0x00000000a5480000, 0x00000000e0000000)
  object space 86528K, 29% used [0x00000000a0000000,0x00000000a1941870,0x00000000a5480000)
 Metaspace       used 57187K, capacity 58982K, committed 59096K, reserved 1099776K
  class space    used 7930K, capacity 8348K, committed 8408K, reserved 1048576K
Event: 19.302 GC heap after
Heap after GC invocations=14 (full 2):
 PSYoungGen      total 190464K, used 1429K [0x00000000e0000000, 0x00000000ee700000, 0x0000000100000000)
  eden space 171520K, 0% used [0x00000000e0000000,0x00000000e0000000,0x00000000ea780000)
  from space 18944K, 7% used [0x00000000eba80000,0x00000000ebbe5498,0x00000000ecd00000)
  to   space 19456K, 0% used [0x00000000ea780000,0x00000000ea780000,0x00000000eba80000)
 ParOldGen       total 86528K, used 33788K [0x00000000a0000000, 0x00000000a5480000, 0x00000000e0000000)
  object space 86528K, 39% used [0x00000000a0000000,0x00000000a20ff070,0x00000000a5480000)
 Metaspace       used 57187K, capacity 58982K, committed 59096K, reserved 1099776K
  class space    used 7930K, capacity 8348K, committed 8408K, reserved 1048576K
}
Event: 19.302 GC heap before
{Heap before GC invocations=15 (full 3):
 PSYoungGen      total 190464K, used 1429K [0x00000000e0000000, 0x00000000ee700000, 0x0000000100000000)
  eden space 171520K, 0% used [0x00000000e0000000,0x00000000e0000000,0x00000000ea780000)
  from space 18944K, 7% used [0x00000000eba80000,0x00000000ebbe5498,0x00000000ecd00000)
  to   space 19456K, 0% used [0x00000000ea780000,0x00000000ea780000,0x00000000eba80000)
 ParOldGen       total 86528K, used 33788K [0x00000000a0000000, 0x00000000a5480000, 0x00000000e0000000)
  object space 86528K, 39% used [0x00000000a0000000,0x00000000a20ff070,0x00000000a5480000)
 Metaspace       used 57187K, capacity 58982K, committed 59096K, reserved 1099776K
  class space    used 7930K, capacity 8348K, committed 8408K, reserved 1048576K
Event: 19.590 GC heap after
Heap after GC invocations=15 (full 3):
 PSYoungGen      total 190464K, used 0K [0x00000000e0000000, 0x00000000ee700000, 0x0000000100000000)
  eden space 171520K, 0% used [0x00000000e0000000,0x00000000e0000000,0x00000000ea780000)
  from space 18944K, 0% used [0x00000000eba80000,0x00000000eba80000,0x00000000ecd00000)
  to   space 19456K, 0% used [0x00000000ea780000,0x00000000ea780000,0x00000000eba80000)
 ParOldGen       total 123904K, used 29235K [0x00000000a0000000, 0x00000000a7900000, 0x00000000e0000000)
  object space 123904K, 23% used [0x00000000a0000000,0x00000000a1c8ce78,0x00000000a7900000)
 Metaspace       used 57187K, capacity 58982K, committed 59096K, reserved 1099776K
  class space    used 7930K, capacity 8348K, committed 8408K, reserved 1048576K
}
Event: 26.391 GC heap before
{Heap before GC invocations=16 (full 3):
 PSYoungGen      total 190464K, used 171520K [0x00000000e0000000, 0x00000000ee700000, 0x0000000100000000)
  eden space 171520K, 100% used [0x00000000e0000000,0x00000000ea780000,0x00000000ea780000)
  from space 18944K, 0% used [0x00000000eba80000,0x00000000eba80000,0x00000000ecd00000)
  to   space 19456K, 0% used [0x00000000ea780000,0x00000000ea780000,0x00000000eba80000)
 ParOldGen       total 123904K, used 29235K [0x00000000a0000000, 0x00000000a7900000, 0x00000000e0000000)
  object space 123904K, 23% used [0x00000000a0000000,0x00000000a1c8ce78,0x00000000a7900000)
 Metaspace       used 62991K, capacity 65292K, committed 65496K, reserved 1105920K
  class space    used 8537K, capacity 9051K, committed 9176K, reserved 1048576K
Event: 26.419 GC heap after
Heap after GC invocations=16 (full 3):
 PSYoungGen      total 190976K, used 18303K [0x00000000e0000000, 0x00000000efc80000, 0x0000000100000000)
  eden space 171520K, 0% used [0x00000000e0000000,0x00000000e0000000,0x00000000ea780000)
  from space 19456K, 94% used [0x00000000ea780000,0x00000000eb95ff60,0x00000000eba80000)
  to   space 22016K, 0% used [0x00000000ee700000,0x00000000ee700000,0x00000000efc80000)
 ParOldGen       total 123904K, used 29243K [0x00000000a0000000, 0x00000000a7900000, 0x00000000e0000000)
  object space 123904K, 23% used [0x00000000a0000000,0x00000000a1c8ee78,0x00000000a7900000)
 Metaspace       used 62991K, capacity 65292K, committed 65496K, reserved 1105920K
  class space    used 8537K, capacity 9051K, committed 9176K, reserved 1048576K
}

Deoptimization events (10 events):
Event: 25.601 Thread 0x00000000225be000 Uncommon trap: reason=unstable_if action=reinterpret pc=0x000000000407ca6c method=com.android.utils.XmlUtils.toXmlAttributeValue(Ljava/lang/String;)Ljava/lang/String; @ 33
Event: 25.601 Thread 0x00000000225be000 Uncommon trap: reason=unstable_if action=reinterpret pc=0x0000000003f12cf8 method=com.android.utils.XmlUtils.toXmlAttributeValue(Ljava/lang/String;)Ljava/lang/String; @ 33
Event: 25.634 Thread 0x00000000225be000 Uncommon trap: reason=unstable_if action=reinterpret pc=0x00000000040785f4 method=com.android.utils.XmlUtils.append(Lcom/android/utils/XmlUtils$PositionAwareStringBuilder;Lorg/w3c/dom/Node;Ljava/util/Map;Ljava/util/Set;)V @ 540
Event: 26.478 Thread 0x00000000225c2000 Uncommon trap: reason=unstable_if action=reinterpret pc=0x0000000002d8a298 method=com.google.common.collect.MapMakerInternalMap$Segment.getEntry(Ljava/lang/Object;I)Lcom/google/common/collect/MapMakerInternalMap$InternalEntry; @ 40
Event: 27.001 Thread 0x00000000188ba000 Uncommon trap: reason=class_check action=maybe_recompile pc=0x00000000040eff78 method=java.io.ObjectOutputStream$BlockDataOutputStream.write([BIIZ)V @ 23
Event: 27.002 Thread 0x00000000188ba000 Uncommon trap: reason=class_check action=maybe_recompile pc=0x00000000040eff78 method=java.io.ObjectOutputStream$BlockDataOutputStream.write([BIIZ)V @ 23
Event: 27.002 Thread 0x00000000188ba000 Uncommon trap: reason=class_check action=maybe_recompile pc=0x00000000040eff78 method=java.io.ObjectOutputStream$BlockDataOutputStream.write([BIIZ)V @ 23
Event: 27.002 Thread 0x00000000188ba000 Uncommon trap: reason=class_check action=maybe_recompile pc=0x00000000040eff78 method=java.io.ObjectOutputStream$BlockDataOutputStream.write([BIIZ)V @ 23
Event: 27.003 Thread 0x00000000188ba000 Uncommon trap: reason=class_check action=maybe_recompile pc=0x00000000040eff78 method=java.io.ObjectOutputStream$BlockDataOutputStream.write([BIIZ)V @ 23
Event: 27.004 Thread 0x00000000188ba000 Uncommon trap: reason=class_check action=maybe_recompile pc=0x00000000040eff78 method=java.io.ObjectOutputStream$BlockDataOutputStream.write([BIIZ)V @ 23

Classes redefined (0 events):
No events

Internal exceptions (10 events):
Event: 23.754 Thread 0x00000000225be000 Exception <a 'java/lang/NoSuchMethodError': <clinit>> (0x00000000e71b6790) thrown at [D:\src\AOSP-openjdk-cygwin\jdk8u\hotspot\src\share\vm\prims\jni.cpp, line 1614]
Event: 24.014 Thread 0x0000000020525800 Exception <a 'java/io/FileNotFoundException'> (0x00000000e7aaee70) thrown at [D:\src\AOSP-openjdk-cygwin\jdk8u\hotspot\src\share\vm\prims\jni.cpp, line 710]
Event: 24.106 Thread 0x0000000020525800 Exception <a 'java/io/FileNotFoundException'> (0x00000000e7ac9068) thrown at [D:\src\AOSP-openjdk-cygwin\jdk8u\hotspot\src\share\vm\prims\jni.cpp, line 710]
Event: 24.499 Thread 0x00000000225be000 Implicit null exception at 0x0000000003feb717 to 0x0000000003feba5d
Event: 25.634 Thread 0x00000000225be000 Implicit null exception at 0x000000000407a511 to 0x00000000040785d1
Event: 26.191 Thread 0x00000000225be000 Exception <a 'java/lang/NoSuchMethodError': <clinit>> (0x00000000e9bd0650) thrown at [D:\src\AOSP-openjdk-cygwin\jdk8u\hotspot\src\share\vm\prims\jni.cpp, line 1614]
Event: 26.193 Thread 0x00000000225be000 Exception <a 'java/lang/NoSuchMethodError': <clinit>> (0x00000000e9bebb00) thrown at [D:\src\AOSP-openjdk-cygwin\jdk8u\hotspot\src\share\vm\prims\jni.cpp, line 1614]
Event: 26.193 Thread 0x00000000225be000 Exception <a 'java/lang/NoSuchMethodError': <clinit>> (0x00000000e9bf09e8) thrown at [D:\src\AOSP-openjdk-cygwin\jdk8u\hotspot\src\share\vm\prims\jni.cpp, line 1614]
Event: 26.199 Thread 0x00000000225be000 Exception <a 'java/lang/NoSuchMethodError': <clinit>> (0x00000000e9c01950) thrown at [D:\src\AOSP-openjdk-cygwin\jdk8u\hotspot\src\share\vm\prims\jni.cpp, line 1614]
Event: 26.478 Thread 0x00000000225c2000 Implicit null exception at 0x0000000002d88409 to 0x0000000002d8a26d

Events (10 events):
Event: 27.127 Executing VM operation: RevokeBias
Event: 27.128 Executing VM operation: RevokeBias done
Event: 27.320 loading class com/android/build/gradle/internal/profile/TaskProfilingRecord$allWorkersFinished$1
Event: 27.320 loading class com/android/build/gradle/internal/profile/TaskProfilingRecord$allWorkersFinished$1 done
Event: 27.320 loading class com/android/build/gradle/internal/profile/TaskProfilingRecord$sam$java_util_function_Predicate$0
Event: 27.320 loading class com/android/build/gradle/internal/profile/TaskProfilingRecord$sam$java_util_function_Predicate$0 done
Event: 27.401 Executing VM operation: BulkRevokeBias
Event: 27.403 Executing VM operation: BulkRevokeBias done
Event: 27.481 Thread 0x000000001dc0d000 DEOPT PACKING pc=0x0000000002d69523 sp=0x0000000024addec0
Event: 27.481 Thread 0x000000001dc0d000 DEOPT UNPACKING pc=0x0000000002b175d0 sp=0x0000000024addc30 mode 0


Dynamic libraries:
0x00007ff7f4d30000 - 0x00007ff7f4d61000 	C:\Program Files\Android\Android Studio\jre\bin\java.exe
0x00007ffee2560000 - 0x00007ffee2750000 	C:\WINDOWS\SYSTEM32\ntdll.dll
0x00007ffee23e0000 - 0x00007ffee2492000 	C:\WINDOWS\System32\KERNEL32.DLL
0x00007ffedf5e0000 - 0x00007ffedf883000 	C:\WINDOWS\System32\KERNELBASE.dll
0x00007ffee1630000 - 0x00007ffee16d3000 	C:\WINDOWS\System32\ADVAPI32.dll
0x00007ffee0ea0000 - 0x00007ffee0f3e000 	C:\WINDOWS\System32\msvcrt.dll
0x00007ffee1a90000 - 0x00007ffee1b27000 	C:\WINDOWS\System32\sechost.dll
0x00007ffee2250000 - 0x00007ffee2370000 	C:\WINDOWS\System32\RPCRT4.dll
0x00007ffee16e0000 - 0x00007ffee1874000 	C:\WINDOWS\System32\USER32.dll
0x00007ffedfe10000 - 0x00007ffedfe31000 	C:\WINDOWS\System32\win32u.dll
0x00007ffee0d40000 - 0x00007ffee0d66000 	C:\WINDOWS\System32\GDI32.dll
0x00007ffedf9e0000 - 0x00007ffedfb74000 	C:\WINDOWS\System32\gdi32full.dll
0x00007ffedf540000 - 0x00007ffedf5de000 	C:\WINDOWS\System32\msvcp_win.dll
0x00007ffedfc00000 - 0x00007ffedfcfa000 	C:\WINDOWS\System32\ucrtbase.dll
0x00007ffec3170000 - 0x00007ffec33f5000 	C:\WINDOWS\WinSxS\amd64_microsoft.windows.common-controls_6595b64144ccf1df_6.0.18362.778_none_e6c6b761130d4fb8\COMCTL32.dll
0x00007ffee1b70000 - 0x00007ffee1ea6000 	C:\WINDOWS\System32\combase.dll
0x00007ffedfb80000 - 0x00007ffedfc00000 	C:\WINDOWS\System32\bcryptPrimitives.dll
0x00007ffee1b40000 - 0x00007ffee1b6e000 	C:\WINDOWS\System32\IMM32.DLL
0x0000000052f00000 - 0x0000000052fd2000 	C:\Program Files\Android\Android Studio\jre\jre\bin\msvcr100.dll
0x0000000053630000 - 0x0000000053e76000 	C:\Program Files\Android\Android Studio\jre\jre\bin\server\jvm.dll
0x00007ffee1b30000 - 0x00007ffee1b38000 	C:\WINDOWS\System32\PSAPI.DLL
0x00007ffed0ba0000 - 0x00007ffed0baa000 	C:\WINDOWS\SYSTEM32\VERSION.dll
0x00007ffec7fc0000 - 0x00007ffec7fc9000 	C:\WINDOWS\SYSTEM32\WSOCK32.dll
0x00007ffedb7b0000 - 0x00007ffedb7d4000 	C:\WINDOWS\SYSTEM32\WINMM.dll
0x0000000002460000 - 0x00000000024cf000 	C:\WINDOWS\System32\ws2_32.DLL
0x00007ffedb710000 - 0x00007ffedb73d000 	C:\WINDOWS\SYSTEM32\WINMMBASE.dll
0x00007ffedf4f0000 - 0x00007ffedf53a000 	C:\WINDOWS\System32\cfgmgr32.dll
0x00007ffebab30000 - 0x00007ffebab3f000 	C:\Program Files\Android\Android Studio\jre\jre\bin\verify.dll
0x00007ffebab00000 - 0x00007ffebab29000 	C:\Program Files\Android\Android Studio\jre\jre\bin\java.dll
0x00007ffeb7680000 - 0x00007ffeb7696000 	C:\Program Files\Android\Android Studio\jre\jre\bin\zip.dll
0x00007ffee0f40000 - 0x00007ffee1625000 	C:\WINDOWS\System32\SHELL32.dll
0x00007ffee0610000 - 0x00007ffee06b9000 	C:\WINDOWS\System32\shcore.dll
0x00007ffedfe40000 - 0x00007ffee05c0000 	C:\WINDOWS\System32\windows.storage.dll
0x00007ffedf4c0000 - 0x00007ffedf4e3000 	C:\WINDOWS\System32\profapi.dll
0x00007ffedf450000 - 0x00007ffedf49a000 	C:\WINDOWS\System32\powrprof.dll
0x00007ffedf420000 - 0x00007ffedf430000 	C:\WINDOWS\System32\UMPDC.dll
0x00007ffee0ce0000 - 0x00007ffee0d32000 	C:\WINDOWS\System32\shlwapi.dll
0x00007ffedf430000 - 0x00007ffedf441000 	C:\WINDOWS\System32\kernel.appcore.dll
0x00007ffee05c0000 - 0x00007ffee05d7000 	C:\WINDOWS\System32\cryptsp.dll
0x00007ffeb7660000 - 0x00007ffeb767a000 	C:\Program Files\Android\Android Studio\jre\jre\bin\net.dll
0x00007ffed4600000 - 0x00007ffed47d5000 	C:\WINDOWS\SYSTEM32\urlmon.dll
0x00007ffed4350000 - 0x00007ffed45f6000 	C:\WINDOWS\SYSTEM32\iertutil.dll
0x00007ffedee60000 - 0x00007ffedee6c000 	C:\WINDOWS\SYSTEM32\CRYPTBASE.DLL
0x00007ffedec90000 - 0x00007ffedecf7000 	C:\WINDOWS\system32\mswsock.dll
0x00007ffeb7640000 - 0x00007ffeb7653000 	C:\Program Files\Android\Android Studio\jre\jre\bin\nio.dll
0x00007ffeda900000 - 0x00007ffeda926000 	C:\Users\yura PC\.gradle\native\30\windows-amd64\native-platform.dll
0x00007ffeb7630000 - 0x00007ffeb763d000 	C:\Program Files\Android\Android Studio\jre\jre\bin\management.dll
0x00007ffede800000 - 0x00007ffede833000 	C:\WINDOWS\system32\rsaenh.dll
0x00007ffee05e0000 - 0x00007ffee0606000 	C:\WINDOWS\System32\bcrypt.dll
0x00007ffedf340000 - 0x00007ffedf365000 	C:\WINDOWS\SYSTEM32\USERENV.dll
0x00007ffede9a0000 - 0x00007ffede9da000 	C:\WINDOWS\SYSTEM32\IPHLPAPI.DLL
0x00007ffee0de0000 - 0x00007ffee0de8000 	C:\WINDOWS\System32\NSI.dll
0x00007ffed7d10000 - 0x00007ffed7d26000 	C:\WINDOWS\SYSTEM32\dhcpcsvc6.DLL
0x00007ffed7cf0000 - 0x00007ffed7d0c000 	C:\WINDOWS\SYSTEM32\dhcpcsvc.DLL
0x00007ffede9e0000 - 0x00007ffedeaaa000 	C:\WINDOWS\SYSTEM32\DNSAPI.dll
0x00007ffea5a20000 - 0x00007ffea5bbc000 	C:\Program Files\Android\Android Studio\jre\jre\bin\awt.dll
0x00007ffee1880000 - 0x00007ffee1944000 	C:\WINDOWS\System32\OLEAUT32.dll
0x00007ffeddbc0000 - 0x00007ffeddbed000 	C:\WINDOWS\SYSTEM32\dwmapi.dll
0x00007ffedc1e0000 - 0x00007ffedc7a0000 	C:\WINDOWS\SYSTEM32\d2d1.dll
0x00007ffedd5c0000 - 0x00007ffedd64f000 	C:\WINDOWS\SYSTEM32\apphelp.dll
0x00007ffedd700000 - 0x00007ffedd799000 	C:\WINDOWS\system32\uxtheme.dll

VM Arguments:
jvm_args: -Xmx1536m -Dfile.encoding=x-windows-949 -Duser.country=KR -Duser.language=ko -Duser.variant 
java_command: org.gradle.launcher.daemon.bootstrap.GradleDaemon 5.6.4
java_class_path (initial): C:\Users\yura PC\.gradle\wrapper\dists\gradle-5.6.4-all\ankdp27end7byghfw1q2sw75f\gradle-5.6.4\lib\gradle-launcher-5.6.4.jar
Launcher Type: SUN_STANDARD

Environment Variables:
PATH=C:\oraclexe\app\oracle\product\11.2.0\server\bin;C:\Program Files (x86)\Common Files\Oracle\Java\javapath;C:\WINDOWS\system32;C:\WINDOWS;C:\WINDOWS\System32\Wbem;C:\WINDOWS\System32\WindowsPowerShell\v1.0\;C:\WINDOWS\System32\OpenSSH\;C:\Program Files\Git\cmd;C:\Users\yura PC\AppData\Local\Microsoft\WindowsApps;C:\Users\yura PC\AppData\Local\atom\bin;%USERPROFILE%\AppData\Local\Microsoft\WindowsApps;
USERNAME=yura PC
OS=Windows_NT
PROCESSOR_IDENTIFIER=Intel64 Family 6 Model 142 Stepping 10, GenuineIntel



---------------  S Y S T E M  ---------------

OS: Windows 10.0 , 64 bit Build 18362 (10.0.18362.778)

CPU:total 8 (initial active 8) (4 cores per cpu, 2 threads per core) family 6 model 142 stepping 10, cmov, cx8, fxsr, mmx, sse, sse2, sse3, ssse3, sse4.1, sse4.2, popcnt, avx, avx2, aes, clmul, erms, 3dnowpref, lzcnt, ht, tsc, tscinvbit, bmi1, bmi2, adx

Memory: 4k page, physical 8251788k(693244k free), swap 8251788k(5264k free)

vm_info: OpenJDK 64-Bit Server VM (25.212-b04) for windows-amd64 JRE (1.8.0_212-release-1586-b04), built by "builder" with MS VC++ 10.0 (VS2010)

time: Tue May 05 16:53:19 2020
timezone: ´ëÇŃąÎ±ą ÇĄÁŘ˝Ă
elapsed time: 27 seconds (0d 0h 0m 27s)

